build/outputs/logs/manifest-merger-debug-report.txt
-- Merging decision tree log ---
manifest
ADDED from ICSee/ICSee-v1/AndroidManifest.xml:2:1-49:12
	xmlns:android
		ADDED from ICSee/ICSee-v1/AndroidManifest.xml:2:11-69
	package
		ADDED from ICSee/ICSee-v1/AndroidManifest.xml:3:5-29
	android:versionName
		ADDED from ICSee/ICSee-v1/AndroidManifest.xml:5:5-30
	android:versionCode
		ADDED from ICSee/ICSee-v1/AndroidManifest.xml:4:5-28
		INJECTED from ICSee/ICSee-v1/AndroidManifest.xml
		INJECTED from ICSee/ICSee-v1/AndroidManifest.xml
uses-sdk
ADDED from ICSee/ICSee-v1/AndroidManifest.xml:7:5-9:41
MERGED from [ICSee-v1:opencv-android:unspecified] AndroidManifest.xml:7:5-43
	android:targetSdkVersion
		ADDED from ICSee/ICSee-v1/AndroidManifest.xml:9:9-38
	android:minSdkVersion
		ADDED from ICSee/ICSee-v1/AndroidManifest.xml:8:9-35
uses-permission#android.permission.CAMERA
ADDED from ICSee/ICSee-v1/AndroidManifest.xml:11:5-65
	android:name
		ADDED from ICSee/ICSee-v1/AndroidManifest.xml:11:22-62
uses-feature#android.hardware.camera
ADDED from ICSee/ICSee-v1/AndroidManifest.xml:13:5-15:35
	android:required
		ADDED from ICSee/ICSee-v1/AndroidManifest.xml:15:9-32
	android:name
		ADDED from ICSee/ICSee-v1/AndroidManifest.xml:14:9-47
uses-feature#android.hardware.camera.autofocus
ADDED from ICSee/ICSee-v1/AndroidManifest.xml:16:5-70
	android:name
		ADDED from ICSee/ICSee-v1/AndroidManifest.xml:16:19-67
application
ADDED from ICSee/ICSee-v1/AndroidManifest.xml:19:5-47:19
	android:label
		ADDED from ICSee/ICSee-v1/AndroidManifest.xml:21:9-41
	android:allowBackup
		ADDED from ICSee/ICSee-v1/AndroidManifest.xml:23:9-35
	android:icon
		ADDED from ICSee/ICSee-v1/AndroidManifest.xml:20:9-48
	android:theme
		ADDED from ICSee/ICSee-v1/AndroidManifest.xml:22:9-73
	android:logo
		ADDED from ICSee/ICSee-v1/AndroidManifest.xml:23:36-71
activity#gr.scify.icsee.SettingsActivity
ADDED from ICSee/ICSee-v1/AndroidManifest.xml:24:9-27:20
	android:label
		ADDED from ICSee/ICSee-v1/AndroidManifest.xml:26:13-60
	android:name
		ADDED from ICSee/ICSee-v1/AndroidManifest.xml:25:13-44
activity#gr.scify.icsee.ImgViewerActivity
ADDED from ICSee/ICSee-v1/AndroidManifest.xml:28:9-31:20
	android:label
		ADDED from ICSee/ICSee-v1/AndroidManifest.xml:30:13-62
	android:name
		ADDED from ICSee/ICSee-v1/AndroidManifest.xml:29:13-45
activity#gr.scify.icsee.ICSeeRealtimeActivity
ADDED from ICSee/ICSee-v1/AndroidManifest.xml:32:9-36:20
	android:screenOrientation
		ADDED from ICSee/ICSee-v1/AndroidManifest.xml:34:13-50
	android:label
		ADDED from ICSee/ICSee-v1/AndroidManifest.xml:35:13-56
	android:name
		ADDED from ICSee/ICSee-v1/AndroidManifest.xml:33:13-49
activity#gr.scify.icsee.ICSeeStartActivity
ADDED from ICSee/ICSee-v1/AndroidManifest.xml:37:9-46:20
	android:label
		ADDED from ICSee/ICSee-v1/AndroidManifest.xml:39:13-34
	android:name
		ADDED from ICSee/ICSee-v1/AndroidManifest.xml:38:13-46
intent-filter#android.intent.action.MAIN+android.intent.category.LAUNCHER
ADDED from ICSee/ICSee-v1/AndroidManifest.xml:40:13-45:29
action#android.intent.action.MAIN
ADDED from ICSee/ICSee-v1/AndroidManifest.xml:41:17-42:65
	android:name
		ADDED from ICSee/ICSee-v1/AndroidManifest.xml:42:21-62
category#android.intent.category.LAUNCHER
ADDED from ICSee/ICSee-v1/AndroidManifest.xml:43:17-44:71
	android:name
		ADDED from ICSee/ICSee-v1/AndroidManifest.xml:44:21-68